<?xml version="1.0" encoding="UTF-8"?>
<!-- Generated by org.testng.reporters.JUnitXMLReporter -->
<testsuite ignored="0" hostname="DESKTOP-I3TNLIH" failures="0" tests="3" name="Default test" time="0.026" errors="0" timestamp="2020-11-25T21:28:20 EST">
  <testcase classname="practice.HookPractice" name="test1" time="0.003"/>
  <testcase classname="practice.HookPractice" name="test2" time="0.0"/>
  <testcase classname="practice.HookPractice" name="test3" time="0.001"/>
</testsuite> <!-- Default test -->
