<?xml version="1.0" encoding="UTF-8"?>
<testng-results skipped="0" failed="0" ignored="0" total="2" passed="2">
  <reporter-output>
  </reporter-output>
  <suite name="testRun.PracticeTest" duration-ms="16095" started-at="2020-12-01T01:43:41Z" finished-at="2020-12-01T01:43:57Z">
    <groups>
    </groups>
    <test name="Command line test" duration-ms="16095" started-at="2020-12-01T01:43:41Z" finished-at="2020-12-01T01:43:57Z">
      <class name="testRun.PracticeTest">
        <test-method status="PASS" signature="firstTest()[pri:0, instance:testRun.PracticeTest@506e6d5e]" name="firstTest" duration-ms="16072" started-at="2020-12-01T01:43:41Z" finished-at="2020-12-01T01:43:57Z">
          <reporter-output>
          </reporter-output>
        </test-method> <!-- firstTest -->
        <test-method status="PASS" signature="test2()[pri:0, instance:testRun.PracticeTest@506e6d5e]" name="test2" duration-ms="6" started-at="2020-12-01T01:43:57Z" finished-at="2020-12-01T01:43:57Z">
          <reporter-output>
          </reporter-output>
        </test-method> <!-- test2 -->
      </class> <!-- testRun.PracticeTest -->
    </test> <!-- Command line test -->
  </suite> <!-- testRun.PracticeTest -->
</testng-results>
