<?xml version="1.0" encoding="UTF-8"?>
<!-- Generated by org.testng.reporters.JUnitXMLReporter -->
<testsuite ignored="3" hostname="DESKTOP-I3TNLIH" failures="0" tests="3" name="First Test Run" time="0.031" errors="0" timestamp="2020-11-25T22:03:14 EST">
  <testcase classname="practice.HookPractice" name="test1" time="0.005"/>
  <testcase classname="practice.HookPractice" name="test3" time="0.001"/>
  <testcase classname="practice.HookPractice2" name="test5" time="0.0"/>
  <testcase classname="practice.HookPractice2" name="test6" time="0.0">
    <ignored/>
  </testcase> <!-- test6 -->
  <testcase classname="practice.HookPractice2" name="test4" time="0.0">
    <ignored/>
  </testcase> <!-- test4 -->
  <testcase classname="practice.HookPractice" name="test2" time="0.0">
    <ignored/>
  </testcase> <!-- test2 -->
</testsuite> <!-- First Test Run -->
